{"/Users/alexpsi/tx/transifex-js-client/mocha.config.js":{"path":"/Users/alexpsi/tx/transifex-js-client/mocha.config.js","s":{"1":1,"2":1,"3":1,"4":1},"b":{},"f":{},"fnMap":{},"statementMap":{"1":{"start":{"line":2,"column":0},"end":{"line":2,"column":0}},"2":{"start":{"line":3,"column":0},"end":{"line":3,"column":0}},"3":{"start":{"line":4,"column":0},"end":{"line":4,"column":0}},"4":{"start":{"line":6,"column":0},"end":{"line":6,"column":0}}},"branchMap":{}},"/Users/alexpsi/tx/transifex-js-client/src/transifex-api.js":{"path":"/Users/alexpsi/tx/transifex-js-client/src/transifex-api.js","s":{"1":1,"2":1,"3":1,"4":1,"5":1,"6":1,"7":1,"8":1,"9":1,"10":1,"11":1,"12":1,"13":1,"14":1,"15":1,"16":1,"17":1,"18":1,"19":1,"20":1,"21":1,"22":1,"23":1,"24":1,"25":1,"26":1,"27":1,"28":1,"29":13,"30":1,"31":1,"32":1,"33":1,"34":1,"35":1,"36":1,"37":5,"38":1,"39":1,"40":1,"41":1,"42":1},"b":{"1":[0,13],"2":[13,13],"3":[1,1],"4":[1,1]},"f":{"1":13,"2":1,"3":5},"fnMap":{"1":{"name":"_interopRequireDefault","line":59,"loc":{"start":{"line":0,"column":0},"end":{"line":0,"column":0},"skip":true},"skip":true},"2":{"name":"connect","line":74,"loc":{"start":{"line":22,"column":19},"end":{"line":30,"column":18}}},"3":{"name":"strToHash","line":82,"loc":{"start":{"line":22,"column":19},"end":{"line":38,"column":26}}}},"statementMap":{"1":{"start":{"line":0,"column":0},"end":{"line":0,"column":0},"skip":true},"2":{"start":{"line":1,"column":-15},"end":{"line":1,"column":-15}},"3":{"start":{"line":0,"column":0},"end":{"line":0,"column":0},"skip":true},"4":{"start":{"line":2,"column":0},"end":{"line":2,"column":0}},"5":{"start":{"line":0,"column":0},"end":{"line":0,"column":0},"skip":true},"6":{"start":{"line":3,"column":0},"end":{"line":3,"column":0}},"7":{"start":{"line":0,"column":0},"end":{"line":0,"column":0},"skip":true},"8":{"start":{"line":4,"column":0},"end":{"line":4,"column":0}},"9":{"start":{"line":0,"column":0},"end":{"line":0,"column":0},"skip":true},"10":{"start":{"line":6,"column":0},"end":{"line":6,"column":0}},"11":{"start":{"line":0,"column":0},"end":{"line":0,"column":0},"skip":true},"12":{"start":{"line":7,"column":0},"end":{"line":7,"column":0}},"13":{"start":{"line":0,"column":0},"end":{"line":0,"column":0},"skip":true},"14":{"start":{"line":9,"column":0},"end":{"line":9,"column":0}},"15":{"start":{"line":0,"column":0},"end":{"line":0,"column":0},"skip":true},"16":{"start":{"line":10,"column":0},"end":{"line":10,"column":0}},"17":{"start":{"line":0,"column":0},"end":{"line":0,"column":0},"skip":true},"18":{"start":{"line":11,"column":0},"end":{"line":11,"column":0}},"19":{"start":{"line":0,"column":0},"end":{"line":0,"column":0},"skip":true},"20":{"start":{"line":12,"column":0},"end":{"line":12,"column":0}},"21":{"start":{"line":0,"column":0},"end":{"line":0,"column":0},"skip":true},"22":{"start":{"line":13,"column":0},"end":{"line":13,"column":0}},"23":{"start":{"line":0,"column":0},"end":{"line":0,"column":0},"skip":true},"24":{"start":{"line":14,"column":0},"end":{"line":14,"column":0}},"25":{"start":{"line":0,"column":0},"end":{"line":0,"column":0},"skip":true},"26":{"start":{"line":15,"column":0},"end":{"line":15,"column":0}},"27":{"start":{"line":0,"column":0},"end":{"line":0,"column":0},"skip":true},"28":{"start":{"line":0,"column":0},"end":{"line":0,"column":0},"skip":true},"29":{"start":{"line":0,"column":0},"end":{"line":0,"column":0},"skip":true},"30":{"start":{"line":22,"column":0},"end":{"line":22,"column":0}},"31":{"start":{"line":31,"column":3},"end":{"line":31,"column":3}},"32":{"start":{"line":32,"column":3},"end":{"line":32,"column":3}},"33":{"start":{"line":33,"column":3},"end":{"line":33,"column":3}},"34":{"start":{"line":34,"column":3},"end":{"line":34,"column":3}},"35":{"start":{"line":35,"column":3},"end":{"line":35,"column":3}},"36":{"start":{"line":36,"column":3},"end":{"line":36,"column":3}},"37":{"start":{"line":39,"column":3},"end":{"line":39,"column":3}},"38":{"start":{"line":43,"column":0},"end":{"line":43,"column":0}},"39":{"start":{"line":44,"column":0},"end":{"line":44,"column":0}},"40":{"start":{"line":46,"column":0},"end":{"line":46,"column":0}},"41":{"start":{"line":0,"column":0},"end":{"line":0,"column":0},"skip":true},"42":{"start":{"line":0,"column":0},"end":{"line":0,"column":0},"skip":true}},"branchMap":{"1":{"line":59,"type":"cond-expr","locations":[{"start":{"line":0,"column":0},"end":{"line":0,"column":0},"skip":true},{"start":{"line":0,"column":0},"end":{"line":0,"column":0},"skip":true}]},"2":{"line":59,"type":"binary-expr","locations":[{"start":{"line":0,"column":0},"end":{"line":0,"column":0},"skip":true},{"start":{"line":0,"column":0},"end":{"line":0,"column":0},"skip":true}]},"3":{"line":77,"type":"binary-expr","locations":[{"start":{"line":33,"column":19},"end":{"line":33,"column":19}},{"start":{"line":33,"column":39},"end":{"line":33,"column":3}}]},"4":{"line":78,"type":"binary-expr","locations":[{"start":{"line":34,"column":21},"end":{"line":34,"column":21}},{"start":{"line":34,"column":43},"end":{"line":34,"column":3}}]}}},"/Users/alexpsi/tx/transifex-js-client/src/url.js":{"path":"/Users/alexpsi/tx/transifex-js-client/src/url.js","s":{"1":1,"2":1,"3":1,"4":1},"b":{},"f":{"1":1},"fnMap":{"1":{"name":"(anonymous_1)","line":7,"loc":{"start":{"line":1,"column":0},"end":{"line":1,"column":14}}}},"statementMap":{"1":{"start":{"line":0,"column":0},"end":{"line":0,"column":0},"skip":true},"2":{"start":{"line":0,"column":0},"end":{"line":0,"column":0},"skip":true},"3":{"start":{"line":2,"column":2},"end":{"line":2,"column":2}},"4":{"start":{"line":0,"column":0},"end":{"line":0,"column":0},"skip":true}},"branchMap":{}},"/Users/alexpsi/tx/transifex-js-client/src/md5.js":{"path":"/Users/alexpsi/tx/transifex-js-client/src/md5.js","s":{"1":1,"2":1,"3":5,"4":5,"5":5,"6":5,"7":5,"8":5,"9":5,"10":5,"11":5,"12":5,"13":5,"14":5,"15":5,"16":5,"17":5,"18":5,"19":5,"20":5,"21":5,"22":5,"23":5,"24":5,"25":5,"26":5,"27":5,"28":5,"29":5,"30":5,"31":5,"32":5,"33":5,"34":5,"35":5,"36":5,"37":5,"38":5,"39":5,"40":5,"41":5,"42":5,"43":5,"44":5,"45":5,"46":5,"47":5,"48":5,"49":5,"50":5,"51":5,"52":5,"53":5,"54":5,"55":5,"56":5,"57":5,"58":5,"59":5,"60":5,"61":5,"62":5,"63":5,"64":5,"65":5,"66":5,"67":5,"68":5,"69":5,"70":5,"71":5,"72":5,"73":5,"74":5,"75":5,"76":5,"77":5,"78":5,"79":5,"80":5,"81":5,"82":5,"83":5,"84":5,"85":5,"86":5,"87":5,"88":5,"89":5,"90":1,"91":320,"92":1,"93":1300,"94":1300,"95":1300,"96":1300,"97":1300,"98":1300,"99":1300,"100":340,"101":960,"102":670,"103":265,"104":405,"105":290,"106":1,"107":80,"108":1,"109":80,"110":1,"111":80,"112":1,"113":80,"114":1,"115":80,"116":80,"117":1,"118":80,"119":80,"120":1,"121":80,"122":80,"123":1,"124":80,"125":80,"126":1,"127":5,"128":5,"129":5,"130":5,"131":5,"132":5,"133":5,"134":5,"135":5,"136":60,"137":60,"138":60,"139":60,"140":5,"141":5,"142":5,"143":5,"144":5,"145":5,"146":1,"147":20,"148":20,"149":80,"150":80,"151":80,"152":20,"153":1,"154":5,"155":5,"156":5,"157":60,"158":60,"159":60,"160":0,"161":0,"162":0,"163":0,"164":0,"165":0,"166":5,"167":1},"b":{"1":[340,960],"2":[670,290],"3":[265,405],"4":[60,0],"5":[0,0],"6":[0,0]},"f":{"1":5,"2":320,"3":1300,"4":80,"5":80,"6":80,"7":80,"8":80,"9":80,"10":80,"11":80,"12":5,"13":20,"14":5},"fnMap":{"1":{"name":"(anonymous_1)","line":7,"loc":{"start":{"line":110,"column":15},"end":{"line":110,"column":32}}},"2":{"name":"rotateLeft","line":104,"loc":{"start":{"line":1,"column":2},"end":{"line":1,"column":31}}},"3":{"name":"addUnsigned","line":108,"loc":{"start":{"line":5,"column":18},"end":{"line":5,"column":35}}},"4":{"name":"F","line":123,"loc":{"start":{"line":21,"column":8},"end":{"line":21,"column":26}}},"5":{"name":"G","line":127,"loc":{"start":{"line":25,"column":8},"end":{"line":25,"column":26}}},"6":{"name":"H","line":131,"loc":{"start":{"line":29,"column":8},"end":{"line":29,"column":26}}},"7":{"name":"I","line":135,"loc":{"start":{"line":33,"column":8},"end":{"line":33,"column":26}}},"8":{"name":"FF","line":139,"loc":{"start":{"line":37,"column":9},"end":{"line":37,"column":40}}},"9":{"name":"GG","line":144,"loc":{"start":{"line":42,"column":9},"end":{"line":42,"column":40}}},"10":{"name":"HH","line":149,"loc":{"start":{"line":47,"column":9},"end":{"line":47,"column":40}}},"11":{"name":"II","line":154,"loc":{"start":{"line":52,"column":9},"end":{"line":52,"column":40}}},"12":{"name":"convertToWordArray","line":159,"loc":{"start":{"line":57,"column":25},"end":{"line":57,"column":42}}},"13":{"name":"wordToHex","line":182,"loc":{"start":{"line":80,"column":16},"end":{"line":80,"column":33}}},"14":{"name":"uTF8Encode","line":196,"loc":{"start":{"line":91,"column":17},"end":{"line":91,"column":34}},"skip":true}},"statementMap":{"1":{"start":{"line":0,"column":0},"end":{"line":0,"column":0},"skip":true},"2":{"start":{"line":0,"column":0},"end":{"line":0,"column":0},"skip":true},"3":{"start":{"line":111,"column":2},"end":{"line":111,"column":2}},"4":{"start":{"line":112,"column":2},"end":{"line":112,"column":2}},"5":{"start":{"line":113,"column":2},"end":{"line":113,"column":2}},"6":{"start":{"line":114,"column":2},"end":{"line":114,"column":2}},"7":{"start":{"line":115,"column":2},"end":{"line":115,"column":2}},"8":{"start":{"line":116,"column":2},"end":{"line":116,"column":2}},"9":{"start":{"line":117,"column":2},"end":{"line":117,"column":2}},"10":{"start":{"line":118,"column":2},"end":{"line":118,"column":2}},"11":{"start":{"line":119,"column":2},"end":{"line":119,"column":18}},"12":{"start":{"line":119,"column":18},"end":{"line":119,"column":34}},"13":{"start":{"line":119,"column":34},"end":{"line":119,"column":50}},"14":{"start":{"line":119,"column":50},"end":{"line":119,"column":50}},"15":{"start":{"line":120,"column":2},"end":{"line":190,"column":3}},"16":{"start":{"line":121,"column":4},"end":{"line":121,"column":12}},"17":{"start":{"line":121,"column":12},"end":{"line":121,"column":20}},"18":{"start":{"line":121,"column":20},"end":{"line":121,"column":28}},"19":{"start":{"line":121,"column":28},"end":{"line":121,"column":28}},"20":{"start":{"line":122,"column":4},"end":{"line":122,"column":4}},"21":{"start":{"line":123,"column":4},"end":{"line":123,"column":4}},"22":{"start":{"line":124,"column":4},"end":{"line":124,"column":4}},"23":{"start":{"line":125,"column":4},"end":{"line":125,"column":4}},"24":{"start":{"line":126,"column":4},"end":{"line":126,"column":4}},"25":{"start":{"line":127,"column":4},"end":{"line":127,"column":4}},"26":{"start":{"line":128,"column":4},"end":{"line":128,"column":4}},"27":{"start":{"line":129,"column":4},"end":{"line":129,"column":4}},"28":{"start":{"line":130,"column":4},"end":{"line":130,"column":4}},"29":{"start":{"line":131,"column":4},"end":{"line":131,"column":4}},"30":{"start":{"line":132,"column":4},"end":{"line":132,"column":4}},"31":{"start":{"line":133,"column":4},"end":{"line":133,"column":4}},"32":{"start":{"line":134,"column":4},"end":{"line":134,"column":4}},"33":{"start":{"line":135,"column":4},"end":{"line":135,"column":4}},"34":{"start":{"line":136,"column":4},"end":{"line":136,"column":4}},"35":{"start":{"line":137,"column":4},"end":{"line":137,"column":4}},"36":{"start":{"line":138,"column":4},"end":{"line":138,"column":4}},"37":{"start":{"line":139,"column":4},"end":{"line":139,"column":4}},"38":{"start":{"line":140,"column":4},"end":{"line":140,"column":4}},"39":{"start":{"line":141,"column":4},"end":{"line":141,"column":4}},"40":{"start":{"line":142,"column":4},"end":{"line":142,"column":4}},"41":{"start":{"line":143,"column":4},"end":{"line":143,"column":4}},"42":{"start":{"line":144,"column":4},"end":{"line":144,"column":4}},"43":{"start":{"line":145,"column":4},"end":{"line":145,"column":4}},"44":{"start":{"line":146,"column":4},"end":{"line":146,"column":4}},"45":{"start":{"line":147,"column":4},"end":{"line":147,"column":4}},"46":{"start":{"line":148,"column":4},"end":{"line":148,"column":4}},"47":{"start":{"line":149,"column":4},"end":{"line":149,"column":4}},"48":{"start":{"line":150,"column":4},"end":{"line":150,"column":4}},"49":{"start":{"line":151,"column":4},"end":{"line":151,"column":4}},"50":{"start":{"line":152,"column":4},"end":{"line":152,"column":4}},"51":{"start":{"line":153,"column":4},"end":{"line":153,"column":4}},"52":{"start":{"line":154,"column":4},"end":{"line":154,"column":4}},"53":{"start":{"line":155,"column":4},"end":{"line":155,"column":4}},"54":{"start":{"line":156,"column":4},"end":{"line":156,"column":4}},"55":{"start":{"line":157,"column":4},"end":{"line":157,"column":4}},"56":{"start":{"line":158,"column":4},"end":{"line":158,"column":4}},"57":{"start":{"line":159,"column":4},"end":{"line":159,"column":4}},"58":{"start":{"line":160,"column":4},"end":{"line":160,"column":4}},"59":{"start":{"line":161,"column":4},"end":{"line":161,"column":4}},"60":{"start":{"line":162,"column":4},"end":{"line":162,"column":4}},"61":{"start":{"line":163,"column":4},"end":{"line":163,"column":4}},"62":{"start":{"line":164,"column":4},"end":{"line":164,"column":4}},"63":{"start":{"line":165,"column":4},"end":{"line":165,"column":4}},"64":{"start":{"line":166,"column":4},"end":{"line":166,"column":4}},"65":{"start":{"line":167,"column":4},"end":{"line":167,"column":4}},"66":{"start":{"line":168,"column":4},"end":{"line":168,"column":4}},"67":{"start":{"line":169,"column":4},"end":{"line":169,"column":4}},"68":{"start":{"line":170,"column":4},"end":{"line":170,"column":4}},"69":{"start":{"line":171,"column":4},"end":{"line":171,"column":4}},"70":{"start":{"line":172,"column":4},"end":{"line":172,"column":4}},"71":{"start":{"line":173,"column":4},"end":{"line":173,"column":4}},"72":{"start":{"line":174,"column":4},"end":{"line":174,"column":4}},"73":{"start":{"line":175,"column":4},"end":{"line":175,"column":4}},"74":{"start":{"line":176,"column":4},"end":{"line":176,"column":4}},"75":{"start":{"line":177,"column":4},"end":{"line":177,"column":4}},"76":{"start":{"line":178,"column":4},"end":{"line":178,"column":4}},"77":{"start":{"line":179,"column":4},"end":{"line":179,"column":4}},"78":{"start":{"line":180,"column":4},"end":{"line":180,"column":4}},"79":{"start":{"line":181,"column":4},"end":{"line":181,"column":4}},"80":{"start":{"line":182,"column":4},"end":{"line":182,"column":4}},"81":{"start":{"line":183,"column":4},"end":{"line":183,"column":4}},"82":{"start":{"line":184,"column":4},"end":{"line":184,"column":4}},"83":{"start":{"line":185,"column":4},"end":{"line":185,"column":4}},"84":{"start":{"line":186,"column":4},"end":{"line":186,"column":4}},"85":{"start":{"line":187,"column":4},"end":{"line":187,"column":4}},"86":{"start":{"line":188,"column":4},"end":{"line":188,"column":4}},"87":{"start":{"line":189,"column":4},"end":{"line":189,"column":4}},"88":{"start":{"line":191,"column":2},"end":{"line":191,"column":2}},"89":{"start":{"line":192,"column":2},"end":{"line":192,"column":2}},"90":{"start":{"line":1,"column":-15},"end":{"line":1,"column":-15}},"91":{"start":{"line":2,"column":2},"end":{"line":2,"column":2}},"92":{"start":{"line":5,"column":0},"end":{"line":5,"column":0}},"93":{"start":{"line":6,"column":2},"end":{"line":6,"column":2}},"94":{"start":{"line":7,"column":2},"end":{"line":7,"column":2}},"95":{"start":{"line":8,"column":2},"end":{"line":8,"column":2}},"96":{"start":{"line":9,"column":2},"end":{"line":9,"column":2}},"97":{"start":{"line":10,"column":2},"end":{"line":10,"column":2}},"98":{"start":{"line":11,"column":2},"end":{"line":11,"column":2}},"99":{"start":{"line":12,"column":2},"end":{"line":12,"column":17}},"100":{"start":{"line":12,"column":17},"end":{"line":12,"column":17}},"101":{"start":{"line":13,"column":2},"end":{"line":18,"column":3}},"102":{"start":{"line":14,"column":4},"end":{"line":15,"column":9}},"103":{"start":{"line":14,"column":30},"end":{"line":14,"column":4}},"104":{"start":{"line":15,"column":9},"end":{"line":15,"column":9}},"105":{"start":{"line":17,"column":4},"end":{"line":17,"column":4}},"106":{"start":{"line":21,"column":0},"end":{"line":21,"column":0}},"107":{"start":{"line":22,"column":2},"end":{"line":22,"column":2}},"108":{"start":{"line":25,"column":0},"end":{"line":25,"column":0}},"109":{"start":{"line":26,"column":2},"end":{"line":26,"column":2}},"110":{"start":{"line":29,"column":0},"end":{"line":29,"column":0}},"111":{"start":{"line":30,"column":2},"end":{"line":30,"column":2}},"112":{"start":{"line":33,"column":0},"end":{"line":33,"column":0}},"113":{"start":{"line":34,"column":2},"end":{"line":34,"column":2}},"114":{"start":{"line":37,"column":0},"end":{"line":37,"column":0}},"115":{"start":{"line":38,"column":2},"end":{"line":38,"column":2}},"116":{"start":{"line":39,"column":2},"end":{"line":39,"column":2}},"117":{"start":{"line":42,"column":0},"end":{"line":42,"column":0}},"118":{"start":{"line":43,"column":2},"end":{"line":43,"column":2}},"119":{"start":{"line":44,"column":2},"end":{"line":44,"column":2}},"120":{"start":{"line":47,"column":0},"end":{"line":47,"column":0}},"121":{"start":{"line":48,"column":2},"end":{"line":48,"column":2}},"122":{"start":{"line":49,"column":2},"end":{"line":49,"column":2}},"123":{"start":{"line":52,"column":0},"end":{"line":52,"column":0}},"124":{"start":{"line":53,"column":2},"end":{"line":53,"column":2}},"125":{"start":{"line":54,"column":2},"end":{"line":54,"column":2}},"126":{"start":{"line":57,"column":0},"end":{"line":57,"column":0}},"127":{"start":{"line":58,"column":2},"end":{"line":58,"column":2}},"128":{"start":{"line":59,"column":2},"end":{"line":59,"column":2}},"129":{"start":{"line":60,"column":2},"end":{"line":60,"column":2}},"130":{"start":{"line":61,"column":2},"end":{"line":61,"column":2}},"131":{"start":{"line":62,"column":2},"end":{"line":62,"column":2}},"132":{"start":{"line":63,"column":2},"end":{"line":63,"column":2}},"133":{"start":{"line":64,"column":2},"end":{"line":64,"column":2}},"134":{"start":{"line":65,"column":2},"end":{"line":65,"column":2}},"135":{"start":{"line":66,"column":2},"end":{"line":71,"column":3}},"136":{"start":{"line":67,"column":4},"end":{"line":67,"column":4}},"137":{"start":{"line":68,"column":4},"end":{"line":68,"column":4}},"138":{"start":{"line":69,"column":4},"end":{"line":69,"column":4}},"139":{"start":{"line":70,"column":4},"end":{"line":70,"column":4}},"140":{"start":{"line":72,"column":2},"end":{"line":72,"column":2}},"141":{"start":{"line":73,"column":2},"end":{"line":73,"column":2}},"142":{"start":{"line":74,"column":2},"end":{"line":74,"column":2}},"143":{"start":{"line":75,"column":2},"end":{"line":75,"column":2}},"144":{"start":{"line":76,"column":2},"end":{"line":76,"column":2}},"145":{"start":{"line":77,"column":2},"end":{"line":77,"column":2}},"146":{"start":{"line":80,"column":0},"end":{"line":80,"column":0}},"147":{"start":{"line":81,"column":2},"end":{"line":81,"column":2}},"148":{"start":{"line":82,"column":2},"end":{"line":86,"column":3}},"149":{"start":{"line":83,"column":4},"end":{"line":83,"column":4}},"150":{"start":{"line":84,"column":4},"end":{"line":84,"column":4}},"151":{"start":{"line":85,"column":4},"end":{"line":85,"column":4}},"152":{"start":{"line":87,"column":2},"end":{"line":87,"column":2}},"153":{"start":{"line":91,"column":0},"end":{"line":91,"column":0},"skip":true},"154":{"start":{"line":92,"column":2},"end":{"line":92,"column":2},"skip":true},"155":{"start":{"line":93,"column":2},"end":{"line":93,"column":2},"skip":true},"156":{"start":{"line":94,"column":2},"end":{"line":106,"column":3},"skip":true},"157":{"start":{"line":95,"column":4},"end":{"line":95,"column":4},"skip":true},"158":{"start":{"line":96,"column":4},"end":{"line":105,"column":5},"skip":true},"159":{"start":{"line":97,"column":6},"end":{"line":97,"column":6},"skip":true},"160":{"start":{"line":98,"column":11},"end":{"line":105,"column":5},"skip":true},"161":{"start":{"line":99,"column":6},"end":{"line":99,"column":6},"skip":true},"162":{"start":{"line":100,"column":6},"end":{"line":100,"column":6},"skip":true},"163":{"start":{"line":102,"column":6},"end":{"line":102,"column":6},"skip":true},"164":{"start":{"line":103,"column":6},"end":{"line":103,"column":6},"skip":true},"165":{"start":{"line":104,"column":6},"end":{"line":104,"column":6},"skip":true},"166":{"start":{"line":107,"column":2},"end":{"line":107,"column":2},"skip":true},"167":{"start":{"line":0,"column":0},"end":{"line":0,"column":0},"skip":true}},"branchMap":{"1":{"line":115,"type":"if","locations":[{"start":{"line":12,"column":2},"end":{"line":12,"column":2}},{"start":{"line":12,"column":2},"end":{"line":12,"column":2}}]},"2":{"line":116,"type":"if","locations":[{"start":{"line":13,"column":2},"end":{"line":13,"column":2}},{"start":{"line":13,"column":2},"end":{"line":13,"column":2}}]},"3":{"line":117,"type":"if","locations":[{"start":{"line":14,"column":4},"end":{"line":14,"column":4}},{"start":{"line":14,"column":4},"end":{"line":14,"column":4}}]},"4":{"line":201,"type":"if","locations":[{"start":{"line":96,"column":4},"end":{"line":96,"column":4},"skip":true},{"start":{"line":96,"column":4},"end":{"line":96,"column":4},"skip":true}]},"5":{"line":203,"type":"if","locations":[{"start":{"line":98,"column":11},"end":{"line":98,"column":11},"skip":true},{"start":{"line":98,"column":11},"end":{"line":98,"column":11},"skip":true}]},"6":{"line":203,"type":"binary-expr","locations":[{"start":{"line":98,"column":16},"end":{"line":98,"column":15},"skip":true},{"start":{"line":98,"column":29},"end":{"line":98,"column":11},"skip":true}]}}},"/Users/alexpsi/tx/transifex-js-client/src/mixins/project.js":{"path":"/Users/alexpsi/tx/transifex-js-client/src/mixins/project.js","s":{"1":1,"2":1,"3":1,"4":1,"5":2,"6":2,"7":1,"8":1,"9":1,"10":1,"11":1,"12":1,"13":1},"b":{},"f":{"1":1,"2":2,"3":1,"4":1,"5":1},"fnMap":{"1":{"name":"projects","line":19,"loc":{"start":{"line":7,"column":15},"end":{"line":14,"column":13}}},"2":{"name":"projectCreate","line":38,"loc":{"start":{"line":7,"column":15},"end":{"line":35,"column":22}}},"3":{"name":"projectRead","line":50,"loc":{"start":{"line":7,"column":15},"end":{"line":50,"column":28}}},"4":{"name":"projectUpdate","line":66,"loc":{"start":{"line":7,"column":15},"end":{"line":69,"column":36}}},"5":{"name":"projectDelete","line":79,"loc":{"start":{"line":7,"column":15},"end":{"line":86,"column":30}}}},"statementMap":{"1":{"start":{"line":0,"column":0},"end":{"line":0,"column":0},"skip":true},"2":{"start":{"line":0,"column":0},"end":{"line":0,"column":0},"skip":true},"3":{"start":{"line":15,"column":4},"end":{"line":15,"column":4}},"4":{"start":{"line":16,"column":4},"end":{"line":16,"column":4}},"5":{"start":{"line":36,"column":4},"end":{"line":36,"column":4}},"6":{"start":{"line":37,"column":4},"end":{"line":37,"column":4}},"7":{"start":{"line":51,"column":4},"end":{"line":51,"column":4}},"8":{"start":{"line":53,"column":4},"end":{"line":53,"column":4}},"9":{"start":{"line":70,"column":4},"end":{"line":70,"column":4}},"10":{"start":{"line":72,"column":4},"end":{"line":72,"column":4}},"11":{"start":{"line":87,"column":4},"end":{"line":87,"column":4}},"12":{"start":{"line":89,"column":4},"end":{"line":89,"column":4}},"13":{"start":{"line":0,"column":0},"end":{"line":0,"column":0},"skip":true}},"branchMap":{}},"/Users/alexpsi/tx/transifex-js-client/src/mixins/resource.js":{"path":"/Users/alexpsi/tx/transifex-js-client/src/mixins/resource.js","s":{"1":1,"2":1,"3":1,"4":1,"5":1,"6":1,"7":1,"8":1,"9":1,"10":1,"11":1,"12":1,"13":1},"b":{},"f":{"1":1,"2":1,"3":1,"4":1,"5":1},"fnMap":{"1":{"name":"resources","line":20,"loc":{"start":{"line":7,"column":15},"end":{"line":15,"column":26}}},"2":{"name":"resourceCreate","line":39,"loc":{"start":{"line":7,"column":15},"end":{"line":37,"column":37}}},"3":{"name":"resourceRead","line":52,"loc":{"start":{"line":7,"column":15},"end":{"line":54,"column":44}}},"4":{"name":"resourceUpdate","line":70,"loc":{"start":{"line":7,"column":15},"end":{"line":76,"column":52}}},"5":{"name":"resourceDelete","line":84,"loc":{"start":{"line":7,"column":15},"end":{"line":95,"column":46}}}},"statementMap":{"1":{"start":{"line":0,"column":0},"end":{"line":0,"column":0},"skip":true},"2":{"start":{"line":0,"column":0},"end":{"line":0,"column":0},"skip":true},"3":{"start":{"line":16,"column":4},"end":{"line":16,"column":4}},"4":{"start":{"line":18,"column":4},"end":{"line":18,"column":4}},"5":{"start":{"line":38,"column":4},"end":{"line":38,"column":4}},"6":{"start":{"line":40,"column":4},"end":{"line":40,"column":4}},"7":{"start":{"line":56,"column":4},"end":{"line":56,"column":4}},"8":{"start":{"line":59,"column":4},"end":{"line":59,"column":4}},"9":{"start":{"line":77,"column":4},"end":{"line":77,"column":4}},"10":{"start":{"line":80,"column":4},"end":{"line":80,"column":4}},"11":{"start":{"line":96,"column":4},"end":{"line":96,"column":4}},"12":{"start":{"line":99,"column":4},"end":{"line":99,"column":4}},"13":{"start":{"line":0,"column":0},"end":{"line":0,"column":0},"skip":true}},"branchMap":{}},"/Users/alexpsi/tx/transifex-js-client/src/mixins/resourceString.js":{"path":"/Users/alexpsi/tx/transifex-js-client/src/mixins/resourceString.js","s":{"1":1,"2":1,"3":1,"4":1,"5":1,"6":1,"7":1,"8":1,"9":1},"b":{},"f":{"1":1,"2":1},"fnMap":{"1":{"name":"resourceStringRead","line":22,"loc":{"start":{"line":7,"column":15},"end":{"line":17,"column":65}}},"2":{"name":"resourceStringUpdate","line":41,"loc":{"start":{"line":7,"column":15},"end":{"line":41,"column":73}}}},"statementMap":{"1":{"start":{"line":0,"column":0},"end":{"line":0,"column":0},"skip":true},"2":{"start":{"line":0,"column":0},"end":{"line":0,"column":0},"skip":true},"3":{"start":{"line":18,"column":4},"end":{"line":18,"column":4}},"4":{"start":{"line":19,"column":4},"end":{"line":19,"column":4}},"5":{"start":{"line":23,"column":4},"end":{"line":23,"column":4}},"6":{"start":{"line":42,"column":4},"end":{"line":42,"column":4}},"7":{"start":{"line":43,"column":4},"end":{"line":43,"column":4}},"8":{"start":{"line":47,"column":4},"end":{"line":47,"column":4}},"9":{"start":{"line":0,"column":0},"end":{"line":0,"column":0},"skip":true}},"branchMap":{}},"/Users/alexpsi/tx/transifex-js-client/src/mixins/language.js":{"path":"/Users/alexpsi/tx/transifex-js-client/src/mixins/language.js","s":{"1":1,"2":1,"3":1,"4":1,"5":1,"6":1,"7":1,"8":1,"9":1,"10":1,"11":1,"12":1,"13":1},"b":{},"f":{"1":1,"2":1,"3":1,"4":1,"5":1},"fnMap":{"1":{"name":"languages","line":19,"loc":{"start":{"line":6,"column":15},"end":{"line":14,"column":26}}},"2":{"name":"languageCreate","line":38,"loc":{"start":{"line":6,"column":15},"end":{"line":36,"column":37}}},"3":{"name":"languageRead","line":51,"loc":{"start":{"line":6,"column":15},"end":{"line":53,"column":44}}},"4":{"name":"languageUpdate","line":71,"loc":{"start":{"line":6,"column":15},"end":{"line":77,"column":52}}},"5":{"name":"languageDelete","line":84,"loc":{"start":{"line":6,"column":15},"end":{"line":95,"column":46}}}},"statementMap":{"1":{"start":{"line":0,"column":0},"end":{"line":0,"column":0},"skip":true},"2":{"start":{"line":0,"column":0},"end":{"line":0,"column":0},"skip":true},"3":{"start":{"line":15,"column":4},"end":{"line":15,"column":4}},"4":{"start":{"line":17,"column":4},"end":{"line":17,"column":4}},"5":{"start":{"line":37,"column":4},"end":{"line":37,"column":4}},"6":{"start":{"line":39,"column":4},"end":{"line":39,"column":4}},"7":{"start":{"line":54,"column":4},"end":{"line":54,"column":4}},"8":{"start":{"line":57,"column":4},"end":{"line":57,"column":4}},"9":{"start":{"line":78,"column":4},"end":{"line":78,"column":4}},"10":{"start":{"line":81,"column":4},"end":{"line":81,"column":4}},"11":{"start":{"line":96,"column":4},"end":{"line":96,"column":4}},"12":{"start":{"line":99,"column":4},"end":{"line":99,"column":4}},"13":{"start":{"line":0,"column":0},"end":{"line":0,"column":0},"skip":true}},"branchMap":{}},"/Users/alexpsi/tx/transifex-js-client/src/mixins/translation.js":{"path":"/Users/alexpsi/tx/transifex-js-client/src/mixins/translation.js","s":{"1":1,"2":1,"3":1,"4":1,"5":1,"6":1,"7":2,"8":2,"9":2,"10":2,"11":2,"12":0,"13":2,"14":2,"15":2,"16":1,"17":1,"18":1},"b":{"1":[0,1],"2":[1,1],"3":[0,2],"4":[2,0],"5":[2,2]},"f":{"1":1,"2":2,"3":2,"4":2,"5":1},"fnMap":{"1":{"name":"_interopRequireDefault","line":11,"loc":{"start":{"line":0,"column":0},"end":{"line":0,"column":0},"skip":true},"skip":true},"2":{"name":"translationRead","line":29,"loc":{"start":{"line":9,"column":15},"end":{"line":19,"column":62}}},"3":{"name":"(anonymous_3)","line":33,"loc":{"start":{"line":26,"column":23},"end":{"line":26,"column":49}}},"4":{"name":"(anonymous_4)","line":34,"loc":{"start":{"line":31,"column":13},"end":{"line":31,"column":32}}},"5":{"name":"translationUpdate","line":58,"loc":{"start":{"line":9,"column":15},"end":{"line":54,"column":70}}}},"statementMap":{"1":{"start":{"line":0,"column":0},"end":{"line":0,"column":0},"skip":true},"2":{"start":{"line":1,"column":-15},"end":{"line":1,"column":-15}},"3":{"start":{"line":0,"column":0},"end":{"line":0,"column":0},"skip":true},"4":{"start":{"line":0,"column":0},"end":{"line":0,"column":0},"skip":true},"5":{"start":{"line":0,"column":0},"end":{"line":0,"column":0},"skip":true},"6":{"start":{"line":0,"column":0},"end":{"line":0,"column":0},"skip":true},"7":{"start":{"line":20,"column":4},"end":{"line":20,"column":4}},"8":{"start":{"line":25,"column":4},"end":{"line":25,"column":4}},"9":{"start":{"line":26,"column":4},"end":{"line":26,"column":4}},"10":{"start":{"line":27,"column":6},"end":{"line":27,"column":6}},"11":{"start":{"line":33,"column":10},"end":{"line":33,"column":19},"skip":true},"12":{"start":{"line":33,"column":19},"end":{"line":33,"column":19},"skip":true},"13":{"start":{"line":34,"column":10},"end":{"line":36,"column":11}},"14":{"start":{"line":35,"column":12},"end":{"line":35,"column":12}},"15":{"start":{"line":37,"column":10},"end":{"line":37,"column":10}},"16":{"start":{"line":55,"column":4},"end":{"line":55,"column":4}},"17":{"start":{"line":60,"column":4},"end":{"line":60,"column":4}},"18":{"start":{"line":0,"column":0},"end":{"line":0,"column":0},"skip":true}},"branchMap":{"1":{"line":11,"type":"cond-expr","locations":[{"start":{"line":0,"column":0},"end":{"line":0,"column":0},"skip":true},{"start":{"line":0,"column":0},"end":{"line":0,"column":0},"skip":true}]},"2":{"line":11,"type":"binary-expr","locations":[{"start":{"line":0,"column":0},"end":{"line":0,"column":0},"skip":true},{"start":{"line":0,"column":0},"end":{"line":0,"column":0},"skip":true}]},"3":{"line":36,"type":"if","locations":[{"start":{"line":33,"column":10},"end":{"line":33,"column":10},"skip":true},{"start":{"line":33,"column":10},"end":{"line":33,"column":10},"skip":true}]},"4":{"line":37,"type":"if","locations":[{"start":{"line":34,"column":10},"end":{"line":34,"column":10}},{"start":{"line":34,"column":10},"end":{"line":34,"column":10}}]},"5":{"line":37,"type":"binary-expr","locations":[{"start":{"line":34,"column":14},"end":{"line":34,"column":14}},{"start":{"line":34,"column":26},"end":{"line":34,"column":10}}]}}},"/Users/alexpsi/tx/transifex-js-client/src/mixins/languageInfo.js":{"path":"/Users/alexpsi/tx/transifex-js-client/src/mixins/languageInfo.js","s":{"1":1,"2":1,"3":1,"4":1,"5":1,"6":1,"7":1},"b":{},"f":{"1":1,"2":1},"fnMap":{"1":{"name":"languagesInfo","line":18,"loc":{"start":{"line":6,"column":15},"end":{"line":13,"column":18}}},"2":{"name":"languageInfo","line":30,"loc":{"start":{"line":6,"column":15},"end":{"line":27,"column":30}}}},"statementMap":{"1":{"start":{"line":0,"column":0},"end":{"line":0,"column":0},"skip":true},"2":{"start":{"line":0,"column":0},"end":{"line":0,"column":0},"skip":true},"3":{"start":{"line":14,"column":4},"end":{"line":14,"column":4}},"4":{"start":{"line":15,"column":4},"end":{"line":15,"column":4}},"5":{"start":{"line":28,"column":4},"end":{"line":28,"column":4}},"6":{"start":{"line":30,"column":4},"end":{"line":30,"column":4}},"7":{"start":{"line":0,"column":0},"end":{"line":0,"column":0},"skip":true}},"branchMap":{}},"/Users/alexpsi/tx/transifex-js-client/src/mixins/translationString.js":{"path":"/Users/alexpsi/tx/transifex-js-client/src/mixins/translationString.js","s":{"1":1,"2":1,"3":1,"4":1,"5":2,"6":2,"7":2,"8":1,"9":1,"10":1,"11":1},"b":{},"f":{"1":1,"2":2,"3":1},"fnMap":{"1":{"name":"translationStrings","line":21,"loc":{"start":{"line":6,"column":15},"end":{"line":16,"column":65}}},"2":{"name":"translationStringRead","line":37,"loc":{"start":{"line":6,"column":15},"end":{"line":38,"column":84}}},"3":{"name":"translationStringUpdate","line":54,"loc":{"start":{"line":6,"column":15},"end":{"line":61,"column":91}}}},"statementMap":{"1":{"start":{"line":0,"column":0},"end":{"line":0,"column":0},"skip":true},"2":{"start":{"line":0,"column":0},"end":{"line":0,"column":0},"skip":true},"3":{"start":{"line":17,"column":4},"end":{"line":17,"column":4}},"4":{"start":{"line":22,"column":4},"end":{"line":22,"column":4}},"5":{"start":{"line":39,"column":4},"end":{"line":39,"column":4}},"6":{"start":{"line":40,"column":4},"end":{"line":40,"column":4}},"7":{"start":{"line":45,"column":4},"end":{"line":45,"column":4}},"8":{"start":{"line":62,"column":4},"end":{"line":62,"column":4}},"9":{"start":{"line":63,"column":4},"end":{"line":63,"column":4}},"10":{"start":{"line":68,"column":4},"end":{"line":68,"column":4}},"11":{"start":{"line":0,"column":0},"end":{"line":0,"column":0},"skip":true}},"branchMap":{}}}