TN:
SF:/Users/alexpsi/tx/transifex-js-client/src/index.js
FN:12,
FN:15,
FNF:2
FNH:2
FNDA:5,
FNDA:1,
DA:1,2
DA:2,2
DA:3,2
DA:4,2
DA:5,2
DA:6,2
DA:7,2
DA:8,2
DA:9,2
DA:10,2
DA:11,2
DA:12,5
DA:15,2
DA:16,1
DA:18,1
DA:19,1
DA:21,1
DA:22,1
DA:26,0
DA:27,0
DA:32,0
DA:34,1
DA:35,1
DA:36,1
DA:38,1
LF:25
LH:22
BRDA:18,1,0,1
BRDA:18,1,1,0
BRDA:21,2,0,1
BRDA:21,2,1,0
BRDA:26,3,0,0
BRDA:26,3,1,0
BRDA:34,4,0,1
BRDA:34,4,1,1
BRF:8
BRH:4
end_of_record
TN:
SF:/Users/alexpsi/tx/transifex-js-client/src/mixins/project.js
FN:6,
FNF:1
FNH:1
FNDA:1,
DA:6,3
DA:13,2
DA:14,2
DA:31,2
DA:32,2
DA:42,1
DA:43,1
DA:57,1
DA:58,1
DA:69,1
DA:70,1
LF:11
LH:11
BRF:0
BRH:0
end_of_record
TN:
SF:/Users/alexpsi/tx/transifex-js-client/src/mixins/language.js
FN:6,
FNF:1
FNH:1
FNDA:1,
DA:6,3
DA:15,1
DA:16,1
DA:34,1
DA:36,1
DA:47,1
DA:50,1
DA:69,1
DA:72,1
DA:83,1
DA:86,1
LF:11
LH:11
BRF:0
BRH:0
end_of_record
TN:
SF:/Users/alexpsi/tx/transifex-js-client/src/mixins/languageInfo.js
FN:6,
FNF:1
FNH:1
FNDA:1,
DA:6,3
DA:14,1
DA:15,1
DA:25,1
DA:26,1
LF:5
LH:5
BRF:0
BRH:0
end_of_record
TN:
SF:/Users/alexpsi/tx/transifex-js-client/src/mixins/resource.js
FN:7,
FNF:1
FNH:1
FNDA:1,
DA:7,3
DA:16,1
DA:18,1
DA:35,1
DA:37,1
DA:49,1
DA:52,1
DA:67,1
DA:70,1
DA:85,0
DA:88,0
DA:100,0
DA:103,0
LF:13
LH:9
BRF:0
BRH:0
end_of_record
TN:
SF:/Users/alexpsi/tx/transifex-js-client/src/mixins/resourceString.js
FN:7,
FNF:1
FNH:1
FNDA:1,
DA:7,3
DA:19,1
DA:20,1
DA:24,1
DA:40,1
DA:41,1
DA:45,1
LF:7
LH:7
BRF:0
BRH:0
end_of_record
TN:
SF:/Users/alexpsi/tx/transifex-js-client/src/mixins/translation.js
FN:7,
FN:22,
FNF:2
FNH:2
FNDA:1,
FNDA:2,
DA:7,3
DA:17,2
DA:21,2
DA:23,2
DA:41,1
DA:46,1
LF:6
LH:6
BRF:0
BRH:0
end_of_record
TN:
SF:/Users/alexpsi/tx/transifex-js-client/src/mixins/translationString.js
FN:6,
FNF:1
FNH:1
FNDA:1,
DA:6,3
DA:17,1
DA:21,1
DA:35,2
DA:36,2
DA:41,2
DA:55,1
DA:56,1
DA:61,1
LF:9
LH:9
BRF:0
BRH:0
end_of_record
TN:
SF:/Users/alexpsi/tx/transifex-js-client/src/mixins/stat.js
FN:5,
FNF:1
FNH:1
FNDA:1,
DA:5,3
DA:14,1
DA:18,1
DA:21,1
DA:24,1
LF:5
LH:5
BRF:0
BRH:0
end_of_record
TN:
SF:/Users/alexpsi/tx/transifex-js-client/src/url.js
FN:1,
FNF:1
FNH:1
FNDA:1,
DA:1,2
DA:2,1
LF:2
LH:2
BRF:0
BRH:0
end_of_record
