TN:
SF:/Users/alexpsi/tx/txApi/mocha.config.js
FNF:0
FNH:0
DA:2,1
DA:3,1
DA:4,1
DA:6,1
LF:4
LH:4
BRF:0
BRH:0
end_of_record
TN:
SF:/Users/alexpsi/tx/txApi/index.js
FN:7,strToHash
FN:12,(anonymous_2)
FNF:2
FNH:2
FNDA:5,strToHash
FNDA:1,(anonymous_2)
DA:1,1
DA:2,1
DA:3,1
DA:5,1
DA:6,5
DA:10,1
DA:11,1
DA:13,1
DA:14,1
DA:16,1
DA:17,1
DA:21,0
DA:22,0
DA:23,0
DA:25,0
DA:27,1
DA:28,1
DA:29,1
DA:31,1
LF:19
LH:15
BRDA:15,1,0,1
BRDA:15,1,1,0
BRDA:18,2,0,1
BRDA:18,2,1,0
BRDA:23,3,0,0
BRDA:23,3,1,0
BRDA:29,4,0,1
BRDA:29,4,1,1
BRF:8
BRH:4
end_of_record
TN:
SF:/Users/alexpsi/tx/txApi/url.js
FN:3,(anonymous_1)
FNF:1
FNH:1
FNDA:1,(anonymous_1)
DA:1,1
DA:2,1
LF:2
LH:2
BRF:0
BRH:0
end_of_record
TN:
SF:/Users/alexpsi/tx/txApi/mixins/project.js
FN:9,(anonymous_1)
FN:16,projects
FN:35,projectCreate
FN:47,projectRead
FN:63,projectUpdate
FN:76,projectDelete
FNF:6
FNH:6
FNDA:1,(anonymous_1)
FNDA:2,projects
FNDA:2,projectCreate
FNDA:1,projectRead
FNDA:1,projectUpdate
FNDA:1,projectDelete
DA:7,1
DA:14,2
DA:15,2
DA:32,2
DA:33,2
DA:46,1
DA:48,1
DA:63,1
DA:65,1
DA:77,1
DA:79,1
LF:11
LH:11
BRF:0
BRH:0
end_of_record
TN:
SF:/Users/alexpsi/tx/txApi/mixins/language.js
FN:8,(anonymous_1)
FN:17,languages
FN:36,languageCreate
FN:49,languageRead
FN:69,languageUpdate
FN:82,languageDelete
FNF:6
FNH:6
FNDA:1,(anonymous_1)
FNDA:1,languages
FNDA:1,languageCreate
FNDA:1,languageRead
FNDA:1,languageUpdate
FNDA:1,languageDelete
DA:6,1
DA:15,1
DA:17,1
DA:34,1
DA:36,1
DA:47,1
DA:50,1
DA:68,1
DA:71,1
DA:82,1
DA:85,1
LF:11
LH:11
BRF:0
BRH:0
end_of_record
TN:
SF:/Users/alexpsi/tx/txApi/mixins/languageInfo.js
FN:8,(anonymous_1)
FN:16,languagesInfo
FN:28,languageInfo
FNF:3
FNH:3
FNDA:1,(anonymous_1)
FNDA:1,languagesInfo
FNDA:1,languageInfo
DA:6,1
DA:14,1
DA:15,1
DA:25,1
DA:27,1
LF:5
LH:5
BRF:0
BRH:0
end_of_record
TN:
SF:/Users/alexpsi/tx/txApi/mixins/resource.js
FN:9,(anonymous_1)
FN:18,resources
FN:37,resourceCreate
FN:50,resourceRead
FN:68,resourceUpdate
FN:82,resourceDelete
FNF:6
FNH:6
FNDA:1,(anonymous_1)
FNDA:1,resources
FNDA:1,resourceCreate
FNDA:1,resourceRead
FNDA:1,resourceUpdate
FNDA:1,resourceDelete
DA:7,1
DA:16,1
DA:18,1
DA:35,1
DA:37,1
DA:49,1
DA:52,1
DA:67,1
DA:70,1
DA:82,1
DA:85,1
LF:11
LH:11
BRF:0
BRH:0
end_of_record
TN:
SF:/Users/alexpsi/tx/txApi/mixins/resourceString.js
FN:9,(anonymous_1)
FN:20,resourceStringRead
FN:39,resourceStringUpdate
FNF:3
FNH:3
FNDA:1,(anonymous_1)
FNDA:1,resourceStringRead
FNDA:1,resourceStringUpdate
DA:7,1
DA:18,1
DA:19,1
DA:23,1
DA:39,1
DA:40,1
DA:44,1
LF:7
LH:7
BRF:0
BRH:0
end_of_record
TN:
SF:/Users/alexpsi/tx/txApi/mixins/translation.js
FN:9,(anonymous_1)
FN:20,translationRead
FN:24,(anonymous_3)
FN:43,translationUpdate
FNF:4
FNH:4
FNDA:1,(anonymous_1)
FNDA:2,translationRead
FNDA:2,(anonymous_3)
FNDA:1,translationUpdate
DA:7,1
DA:18,2
DA:23,2
DA:25,2
DA:43,1
DA:48,1
LF:6
LH:6
BRF:0
BRH:0
end_of_record
TN:
SF:/Users/alexpsi/tx/txApi/mixins/translationString.js
FN:8,(anonymous_1)
FN:19,translationStrings
FN:34,translationStringRead
FN:51,translationStringUpdate
FNF:4
FNH:4
FNDA:1,(anonymous_1)
FNDA:1,translationStrings
FNDA:2,translationStringRead
FNDA:1,translationStringUpdate
DA:6,1
DA:17,1
DA:21,1
DA:34,2
DA:35,2
DA:40,2
DA:54,1
DA:55,1
DA:60,1
LF:9
LH:9
BRF:0
BRH:0
end_of_record
TN:
SF:/Users/alexpsi/tx/txApi/mixins/stat.js
FN:7,(anonymous_1)
FN:16,stat
FN:20,stats
FNF:3
FNH:3
FNDA:1,(anonymous_1)
FNDA:1,stat
FNDA:1,stats
DA:5,1
DA:14,1
DA:18,1
DA:21,1
DA:24,1
LF:5
LH:5
BRF:0
BRH:0
end_of_record
